<?xml version="1.0" encoding="UTF-8"?>
<robot generator="Robot 4.0.3 (Python 3.9.6 on win32)" generated="20210707 11:47:32.424" rpa="false" schemaversion="2">
<suite id="s1" name="Test" source="D:\Pycharmscripts\Robotprjscripts\Robotsuitscr\test.robot">
<test id="s1-t1" name="TCEMR">
<kw name="Append To Environment Variable" library="OperatingSystem">
<arg>Path</arg>
<arg>C:\\Browserdrivers\\chromedriver_win32</arg>
<doc>Appends given ``values`` to environment variable ``name``.</doc>
<msg timestamp="20210707 11:47:32.612" level="INFO">Environment variable 'Path' set to value 'D:\Pycharmscripts\Robotprjscripts\venv\Scripts;C:\Program Files\Python39\Scripts\;C:\Program Files\Python39\;C:\Program Files (x86)\Common Files\Oracle\Java\javapath;C:\WINDOWS\system32;C:\WINDOWS;C:\WINDOWS\System32\Wbem;C:\WINDOWS\System32\WindowsPowerShell\v1.0\;C:\WINDOWS\System32\OpenSSH\;C:\Program Files (x86)\Webex\Webex\Applications;C:\Program Files\Intel\WiFi\bin\;C:\Program Files\Common Files\Intel\WirelessCommon\;C:\Program Files (x86)\Sennheiser\SenncomSDK\;C:\Users\invmotapot\AppData\Local\Microsoft\WindowsApps;;C:\Program Files\JetBrains\PyCharm Community Edition 2021.1.3\bin;;C:\Browserdrivers\chromedriver_win32'.</msg>
<status status="PASS" starttime="20210707 11:47:32.612" endtime="20210707 11:47:32.612"/>
</kw>
<kw name="Open Browser" library="SeleniumLibrary">
<arg>url=http://demo.openemr.io/b/openemr/interface/login/login.php?site=default</arg>
<arg>browser=gc</arg>
<doc>Opens a new browser instance to the optional ``url``.</doc>
<msg timestamp="20210707 11:47:32.613" level="INFO">Opening browser 'gc' to base url 'http://demo.openemr.io/b/openemr/interface/login/login.php?site=default'.</msg>
<status status="PASS" starttime="20210707 11:47:32.612" endtime="20210707 11:47:36.374"/>
</kw>
<kw name="Maximize Browser Window" library="SeleniumLibrary">
<doc>Maximizes current browser window.</doc>
<status status="PASS" starttime="20210707 11:47:36.374" endtime="20210707 11:47:36.508"/>
</kw>
<kw name="Set Selenium Implicit Wait" library="SeleniumLibrary">
<arg>30s</arg>
<doc>Sets the implicit wait value used by Selenium.</doc>
<status status="PASS" starttime="20210707 11:47:36.509" endtime="20210707 11:47:36.512"/>
</kw>
<kw name="Input Text" library="SeleniumLibrary">
<arg>id=authUser</arg>
<arg>admin</arg>
<doc>Types the given ``text`` into the text field identified by ``locator``.</doc>
<msg timestamp="20210707 11:47:36.513" level="INFO">Typing text 'admin' into text field 'id=authUser'.</msg>
<status status="PASS" starttime="20210707 11:47:36.512" endtime="20210707 11:47:36.639"/>
</kw>
<kw name="Input Password" library="SeleniumLibrary">
<arg>id=clearPass</arg>
<arg>pass</arg>
<doc>Types the given password into the text field identified by ``locator``.</doc>
<msg timestamp="20210707 11:47:36.639" level="INFO">Typing password into text field 'id=clearPass'.</msg>
<msg timestamp="20210707 11:47:36.692" level="INFO">Temporally setting log level to: NONE</msg>
<msg timestamp="20210707 11:47:36.748" level="INFO">Log level changed from NONE to INFO.</msg>
<status status="PASS" starttime="20210707 11:47:36.639" endtime="20210707 11:47:36.748"/>
</kw>
<kw name="Select From List By Label" library="SeleniumLibrary">
<arg>xpath=//select[@name='languageChoice']</arg>
<arg>English (Indian)</arg>
<doc>Selects options from selection list ``locator`` by ``labels``.</doc>
<msg timestamp="20210707 11:47:36.749" level="INFO">Selecting options from selection list 'xpath=//select[@name='languageChoice']' by label English (Indian).</msg>
<status status="PASS" starttime="20210707 11:47:36.749" endtime="20210707 11:47:36.849"/>
</kw>
<kw name="Click Element" library="SeleniumLibrary">
<arg>xpath= //button[@type='submit']</arg>
<doc>Click the element identified by ``locator``.</doc>
<msg timestamp="20210707 11:47:36.850" level="INFO">Clicking element 'xpath= //button[@type='submit']'.</msg>
<status status="PASS" starttime="20210707 11:47:36.850" endtime="20210707 11:47:40.191"/>
</kw>
<status status="PASS" starttime="20210707 11:47:32.611" endtime="20210707 11:47:40.191"/>
</test>
<status status="PASS" starttime="20210707 11:47:32.426" endtime="20210707 11:47:40.193"/>
</suite>
<statistics>
<total>
<stat pass="1" fail="0" skip="0">All Tests</stat>
</total>
<tag>
</tag>
<suite>
<stat pass="1" fail="0" skip="0" id="s1" name="Test">Test</stat>
</suite>
</statistics>
<errors>
</errors>
</robot>
